<?xml version="1.0" encoding="UTF-8"?>
<testsuite name="io.github.felixzailskas.settlingmesoftly.SettlingMeSoftlyApplicationTests" tests="1" skipped="0" failures="0" errors="0" timestamp="2026-03-03T00:12:21.092Z" hostname="Felixs-MacBook-Pro-3.local" time="3.928">
  <properties/>
  <testcase name="contextLoads()" classname="io.github.felixzailskas.settlingmesoftly.SettlingMeSoftlyApplicationTests" time="0.255"/>
  <system-out><![CDATA[01:12:21.160 [Test worker] INFO org.springframework.test.context.support.AnnotationConfigContextLoaderUtils -- Could not detect default configuration classes for test class [io.github.felixzailskas.settlingmesoftly.SettlingMeSoftlyApplicationTests]: SettlingMeSoftlyApplicationTests does not declare any static, non-private, non-final, nested classes annotated with @Configuration.
01:12:21.202 [Test worker] INFO org.springframework.boot.test.context.SpringBootTestContextBootstrapper -- Found @SpringBootConfiguration io.github.felixzailskas.settlingmesoftly.SettlingMeSoftlyApplication for test class io.github.felixzailskas.settlingmesoftly.SettlingMeSoftlyApplicationTests

  .   ____          _            __ _ _
 /\\ / ___'_ __ _ _(_)_ __  __ _ \ \ \ \
( ( )\___ | '_ | '_| | '_ \/ _` | \ \ \ \
 \\/  ___)| |_)| | | | | || (_| |  ) ) ) )
  '  |____| .__|_| |_|_| |_\__, | / / / /
 =========|_|==============|___/=/_/_/_/

 :: Spring Boot ::                (v4.0.3)

2026-03-03T01:12:21.384+01:00  INFO 21998 --- [settling-me-softly] [    Test worker] i.g.f.s.SettlingMeSoftlyApplicationTests : Starting SettlingMeSoftlyApplicationTests using Java 21.0.10 with PID 21998 (started by felixzailskas in /Users/felixzailskas/Code/settling-me-softly)
2026-03-03T01:12:21.385+01:00  INFO 21998 --- [settling-me-softly] [    Test worker] i.g.f.s.SettlingMeSoftlyApplicationTests : No active profile set, falling back to 1 default profile: "default"
2026-03-03T01:12:21.645+01:00  INFO 21998 --- [settling-me-softly] [    Test worker] .s.d.r.c.RepositoryConfigurationDelegate : Bootstrapping Spring Data JPA repositories in DEFAULT mode.
2026-03-03T01:12:21.662+01:00  INFO 21998 --- [settling-me-softly] [    Test worker] .s.d.r.c.RepositoryConfigurationDelegate : Finished Spring Data repository scanning in 14 ms. Found 1 JPA repository interface.
2026-03-03T01:12:21.799+01:00  INFO 21998 --- [settling-me-softly] [    Test worker] org.testcontainers.images.PullPolicy     : Image pull policy will be performed by: DefaultPullPolicy()
2026-03-03T01:12:21.800+01:00  INFO 21998 --- [settling-me-softly] [    Test worker] o.t.utility.ImageNameSubstitutor         : Image name substitution will be performed by: DefaultImageNameSubstitutor (composite of 'ConfigurationFileImageNameSubstitutor' and 'PrefixingImageNameSubstitutor')
2026-03-03T01:12:21.808+01:00  INFO 21998 --- [settling-me-softly] [    Test worker] org.testcontainers.DockerClientFactory   : Testcontainers version: 2.0.3
2026-03-03T01:12:21.895+01:00  INFO 21998 --- [settling-me-softly] [    Test worker] o.t.d.DockerClientProviderStrategy       : Loaded org.testcontainers.dockerclient.UnixSocketClientProviderStrategy from ~/.testcontainers.properties, will try it first
2026-03-03T01:12:22.095+01:00  INFO 21998 --- [settling-me-softly] [    Test worker] o.t.d.DockerClientProviderStrategy       : Found Docker environment with local Unix socket (unix:///var/run/docker.sock)
2026-03-03T01:12:22.096+01:00  INFO 21998 --- [settling-me-softly] [    Test worker] org.testcontainers.DockerClientFactory   : Docker host IP address is localhost
2026-03-03T01:12:22.107+01:00  INFO 21998 --- [settling-me-softly] [    Test worker] org.testcontainers.DockerClientFactory   : Connected to docker: 
  Server Version: 24.0.6
  API Version: 1.43
  Operating System: Docker Desktop
  Total Memory: 7844 MB
2026-03-03T01:12:22.120+01:00  INFO 21998 --- [settling-me-softly] [    Test worker] tc.testcontainers/ryuk:0.13.0            : Creating container for image: testcontainers/ryuk:0.13.0
2026-03-03T01:12:22.251+01:00  INFO 21998 --- [settling-me-softly] [    Test worker] o.t.utility.RegistryAuthLocator          : Credential helper/store (docker-credential-desktop) does not have credentials for https://index.docker.io/v1/
2026-03-03T01:12:22.322+01:00  INFO 21998 --- [settling-me-softly] [    Test worker] tc.testcontainers/ryuk:0.13.0            : Container testcontainers/ryuk:0.13.0 is starting: ed2d928d6a06dd12fe82c9ab95bdfa8bd63406f905eee74f34f1f0da73897d25
2026-03-03T01:12:22.551+01:00  INFO 21998 --- [settling-me-softly] [    Test worker] tc.testcontainers/ryuk:0.13.0            : Container testcontainers/ryuk:0.13.0 started in PT0.431308S
2026-03-03T01:12:22.556+01:00  INFO 21998 --- [settling-me-softly] [    Test worker] o.t.utility.RyukResourceReaper           : Ryuk started - will monitor and terminate Testcontainers containers on JVM exit
2026-03-03T01:12:22.556+01:00  INFO 21998 --- [settling-me-softly] [    Test worker] org.testcontainers.DockerClientFactory   : Checking the system...
2026-03-03T01:12:22.556+01:00  INFO 21998 --- [settling-me-softly] [    Test worker] org.testcontainers.DockerClientFactory   : ✔︎ Docker server version should be at least 1.6.0
2026-03-03T01:12:22.557+01:00  INFO 21998 --- [settling-me-softly] [    Test worker] tc.postgres:17                           : Creating container for image: postgres:17
2026-03-03T01:12:22.573+01:00  INFO 21998 --- [settling-me-softly] [    Test worker] tc.postgres:17                           : Container postgres:17 is starting: 1fbbeee90c3b35bc3e45b1067b384227ea519c931efc202c30c36bd98879611c
2026-03-03T01:12:23.367+01:00  INFO 21998 --- [settling-me-softly] [    Test worker] tc.postgres:17                           : Container postgres:17 started in PT0.810327S
2026-03-03T01:12:23.368+01:00  INFO 21998 --- [settling-me-softly] [    Test worker] tc.postgres:17                           : Container is started (JDBC URL: jdbc:postgresql://localhost:58484/test?loggerLevel=OFF)
2026-03-03T01:12:23.622+01:00  INFO 21998 --- [settling-me-softly] [    Test worker] org.flywaydb.core.FlywayExecutor         : Database: jdbc:postgresql://localhost:58484/test?loggerLevel=OFF (PostgreSQL 17.9)
2026-03-03T01:12:23.648+01:00  INFO 21998 --- [settling-me-softly] [    Test worker] o.f.c.i.s.JdbcTableSchemaHistory         : Schema history table "public"."flyway_schema_history" does not exist yet
2026-03-03T01:12:23.649+01:00  INFO 21998 --- [settling-me-softly] [    Test worker] o.f.core.internal.command.DbValidate     : Successfully validated 1 migration (execution time 00:00.008s)
2026-03-03T01:12:23.662+01:00  INFO 21998 --- [settling-me-softly] [    Test worker] o.f.c.i.s.JdbcTableSchemaHistory         : Creating Schema History table "public"."flyway_schema_history" ...
2026-03-03T01:12:23.724+01:00  INFO 21998 --- [settling-me-softly] [    Test worker] o.f.core.internal.command.DbMigrate      : Current version of schema "public": << Empty Schema >>
2026-03-03T01:12:23.730+01:00  INFO 21998 --- [settling-me-softly] [    Test worker] o.f.core.internal.command.DbMigrate      : Migrating schema "public" to version "1 - create account table"
2026-03-03T01:12:23.749+01:00  INFO 21998 --- [settling-me-softly] [    Test worker] o.f.core.internal.command.DbMigrate      : Successfully applied 1 migration to schema "public", now at version v1 (execution time 00:00.008s)
2026-03-03T01:12:23.790+01:00  INFO 21998 --- [settling-me-softly] [    Test worker] org.hibernate.orm.jpa                    : HHH008540: Processing PersistenceUnitInfo [name: default]
2026-03-03T01:12:23.810+01:00  INFO 21998 --- [settling-me-softly] [    Test worker] org.hibernate.orm.core                   : HHH000001: Hibernate ORM core version 7.2.4.Final
2026-03-03T01:12:23.981+01:00  INFO 21998 --- [settling-me-softly] [    Test worker] o.s.o.j.p.SpringPersistenceUnitInfo      : No LoadTimeWeaver setup: ignoring JPA class transformer
2026-03-03T01:12:23.994+01:00  INFO 21998 --- [settling-me-softly] [    Test worker] com.zaxxer.hikari.HikariDataSource       : HikariPool-1 - Starting...
2026-03-03T01:12:24.013+01:00  INFO 21998 --- [settling-me-softly] [    Test worker] com.zaxxer.hikari.pool.HikariPool        : HikariPool-1 - Added connection org.postgresql.jdbc.PgConnection@61d7df22
2026-03-03T01:12:24.014+01:00  INFO 21998 --- [settling-me-softly] [    Test worker] com.zaxxer.hikari.HikariDataSource       : HikariPool-1 - Start completed.
2026-03-03T01:12:24.044+01:00  INFO 21998 --- [settling-me-softly] [    Test worker] org.hibernate.orm.connections.pooling    : HHH10001005: Database info:
	Database JDBC URL [jdbc:postgresql://localhost:58484/test?loggerLevel=OFF]
	Database driver: PostgreSQL JDBC Driver
	Database dialect: PostgreSQLDialect
	Database version: 17.9
	Default catalog/schema: test/public
	Autocommit mode: undefined/unknown
	Isolation level: READ_COMMITTED [default READ_COMMITTED]
	JDBC fetch size: none
	Pool: DataSourceConnectionProvider
	Minimum pool size: undefined/unknown
	Maximum pool size: undefined/unknown
2026-03-03T01:12:24.372+01:00  INFO 21998 --- [settling-me-softly] [    Test worker] org.hibernate.orm.core                   : HHH000489: No JTA platform available (set 'hibernate.transaction.jta.platform' to enable JTA platform integration)
2026-03-03T01:12:24.397+01:00  INFO 21998 --- [settling-me-softly] [    Test worker] j.LocalContainerEntityManagerFactoryBean : Initialized JPA EntityManagerFactory for persistence unit 'default'
2026-03-03T01:12:24.431+01:00  INFO 21998 --- [settling-me-softly] [    Test worker] o.s.d.j.r.query.QueryEnhancerFactories   : Hibernate is in classpath; If applicable, HQL parser will be used.
2026-03-03T01:12:24.485+01:00  WARN 21998 --- [settling-me-softly] [    Test worker] JpaBaseConfiguration$JpaWebConfiguration : spring.jpa.open-in-view is enabled by default. Therefore, database queries may be performed during view rendering. Explicitly configure spring.jpa.open-in-view to disable this warning
2026-03-03T01:12:24.506+01:00  INFO 21998 --- [settling-me-softly] [    Test worker] o.s.v.b.OptionalValidatorFactoryBean     : Failed to set up a Bean Validation provider: jakarta.validation.NoProviderFoundException: Unable to create a Configuration, because no Jakarta Validation provider could be found. Add a provider like Hibernate Validator (RI) to your classpath.
2026-03-03T01:12:24.704+01:00  INFO 21998 --- [settling-me-softly] [    Test worker] o.s.b.a.e.web.EndpointLinksResolver      : Exposing 1 endpoint beneath base path '/actuator'
2026-03-03T01:12:24.729+01:00  INFO 21998 --- [settling-me-softly] [    Test worker] i.g.f.s.SettlingMeSoftlyApplicationTests : Started SettlingMeSoftlyApplicationTests in 3.472 seconds (process running for 3.997)
]]></system-out>
  <system-err><![CDATA[Mockito is currently self-attaching to enable the inline-mock-maker. This will no longer work in future releases of the JDK. Please add Mockito as an agent to your build as described in Mockito's documentation: https://javadoc.io/doc/org.mockito/mockito-core/latest/org.mockito/org/mockito/Mockito.html#0.3
WARNING: A Java agent has been loaded dynamically (/Users/felixzailskas/.gradle/caches/modules-2/files-2.1/net.bytebuddy/byte-buddy-agent/1.17.8/f09415827a71be7ed621c7bd02550678f28bc81c/byte-buddy-agent-1.17.8.jar)
WARNING: If a serviceability tool is in use, please run with -XX:+EnableDynamicAgentLoading to hide this warning
WARNING: If a serviceability tool is not in use, please run with -Djdk.instrument.traceUsage for more information
WARNING: Dynamic loading of agents will be disallowed by default in a future release
]]></system-err>
</testsuite>
